Line  6  3 1174.933000    0.115845   3   5    6.496462   17.050273
Line  6  3 1175.263000    0.282488   1   3    6.493525   17.044369
Line  6  3 1175.590000    0.069804   3   3    6.496462   17.044369
Line  6  3 1175.711000    0.209908   5   5    6.503451   17.050273
Line  6  3 1175.987000    0.094163   3   1    6.496462   17.040811
Line  6  3 1176.370000    0.069507   5   3    6.503451   17.044369
Line  7  3  979.768000    0.010736   6   4   12.526981   25.183059
Line  7  3  979.832000    0.141234   4   4   12.527812   25.183059
Line  7  3  979.905000    0.146841   6   6   12.526981   25.181286
Line  7  3  979.969000    0.015957   4   6   12.527812   25.181286
Line  7  3 1001.747000    0.020182   2   4   18.088612   30.467004
Line  7  3 1002.107000    0.040829   2   2   18.088612   30.462552
Line  7  3 1002.853000    0.050809   4   4   18.102265   30.467004
Line  7  3 1003.214000    0.010185   4   2   18.102265   30.462552
Line  7  3 1005.993000    0.096821   2   4   16.244556   28.570706
Line  7  3 1006.036000    0.046878   2   2   16.244556   28.570173
Line  7  3 1140.120000    0.055189   6   8   33.138302   44.014370
Line  7  3 1182.971000    0.061655   2   4   18.088612   28.570706
Line  7  3 1183.032000    0.128224   2   2   18.088612   28.570173
Line  7  3 1184.514000    0.159566   4   4   18.102265   28.570706
Line  7  3 1184.574000    0.031691   4   2   18.102265   28.570173
Line  7  3 1747.848000    0.129113   2   4   18.088612   25.183059
Line  7  3 1751.218000    0.012588   4   4   18.102265   25.183059
Line  7  3 1751.657000    0.115329   4   6   18.102265   25.181286
Line  7  4  921.994000    0.094815   3   5    8.341777   21.790910
Line  7  4  922.519000    0.231206   1   3    8.333952   21.775435
Line  7  4  923.056000    0.057132   3   3    8.341777   21.775435
Line  7  4  923.220000    0.171803   5   5    8.359633   21.790910
Line  7  4  923.676000    0.077069   3   1    8.341777   21.766420
Line  7  4  924.284000    0.056889   5   3    8.359633   21.775435
Line  7  4  955.334000    0.148210   3   1   16.206066   29.185834
Line  7  4 1718.550000    0.176148   3   5   16.206066   23.421463
Line  8  5 1371.296000    0.159543   3   5   19.690942   28.733494
Line 14  3  993.519000    0.048417   1   3    6.537871   19.018781
Line 14  3  994.790000    0.047630   3   3    6.553816   19.018781
Line 14  3  997.386000    0.047427   5   3    6.586270   19.018781
Line 14  3 1108.358000    0.879023   1   3    6.537871   17.725608
Line 14  3 1109.940000    0.217209   3   3    6.553816   17.725608
Line 14  3 1109.970000    0.655962   3   5    6.553816   17.725309
Line 14  3 1113.174000    0.008811   5   3    6.586270   17.725608
Line 14  3 1113.204000    0.130326   5   5    6.586270   17.725309
Line 14  3 1113.230000    0.732875   5   7    6.586270   17.725049
Line 14  3 1294.545000    0.306111   3   5    6.553816   16.132487
Line 14  3 1296.726000    0.746449   1   3    6.537871   16.100427
Line 14  3 1298.892000    0.184450   3   3    6.553816   16.100427
Line 14  3 1298.946000    0.554664   5   5    6.586270   16.132487
Line 14  3 1301.149000    0.248816   3   1    6.553816   16.083870
Line 14  3 1303.323000    0.183667   5   3    6.586270   16.100427
Line 14  3 1312.591000    0.048181   3   1   10.277681   19.724659
Line 14  4 1066.614000    0.874679   6   8   19.886455   31.512044
Line 14  4 1066.636000    0.042840   6   6   19.886455   31.511802
Line 14  4 1066.650000    0.907695   4   6   19.886602   31.511802
Line 14  4 1122.485000    0.829793   2   4    8.839667   19.886602
Line 14  4 1128.325000    0.082783   4   4    8.896844   19.886602
Line 14  4 1128.340000    0.737802   4   6    8.896844   19.886455
Line 14  4 1722.526000    0.141856   6   4   19.886455   27.085193
Line 14  4 1722.562000    0.023331   4   4   19.886602   27.085193
Line 14  4 1727.376000    0.116934   4   2   19.886602   27.065129
