Element 1	H	12.00
Element	2	He	10.93
Element	6	C	8.52
Element	7	N	7.96
Element	8	0	8.82
Element	10	Ne	7.92
Element 11  Na  6.25
Element 12  Mg  7.42
Element	13	Al	6.39
Element	14	Si	7.52
Element	16	S	7.20
Element 18  Ar  6.8
Element 20  Ca  6.30
Element	26	Fe	7.60
# Element 28  Ni  6.30

Ion       H        1        1        2   13.598
# There are 17 unique levels for 1 1
Level   1   1   0    2   0.000000
Level   1   1   1    2  10.200121
Level   1   1   2    4  10.200166
Level   1   1   3    2  12.089051
Level   1   1   4    4  12.089065
Level   1   1   5    2  12.750175
Level   1   1   6    4  12.750181
Level   1   1   7    2  13.056181
Level   1   1   8    4  13.056184
Level   1   1   9    2  13.222404
Level   1   1  10    4  13.222407
Level   1   1  11    2  13.322633
Level   1   1  12    4  13.322634
Level   1   1  13    2  13.387686
Level   1   1  14    2  13.432284
Level   1   1  15    4  13.432285
Level   1   1  16    4  13.464186

Ion       H        1        2        1    1e+20
# There are 0 unique levels for 1 2

Ion      He        2        1        1   24.587
# There are 10 unique levels for 2 1
Level   2   1   0    1   0.000000
Level   2   1   1    3  21.220770
Level   2   1   2    3  23.090006
Level   2   1   3    3  23.745142
Level   2   1   4    3  24.048912
Level   2   1   5    3  24.214140
Level   2   1   6    3  24.313860
Level   2   1   7    3  24.378622
Level   2   1   8    3  24.423050
Level   2   1   9    3  24.454847

Ion      He        2        2        2   54.416
# There are 19 unique levels for 2 2
Level   2   2   0    2   0.000000
Level   2   2   1    2  40.818291
Level   2   2   2    4  40.819016
Level   2   2   3    2  48.377533
Level   2   2   4    4  48.377747
Level   2   2   5    2  51.023235
Level   2   2   6    4  51.023327
Level   2   2   7    2  52.247807
Level   2   2   8    4  52.247852
Level   2   2   9    2  52.913002
Level   2   2  10    4  52.913029
Level   2   2  11    2  53.314087
Level   2   2  12    4  53.314102
Level   2   2  13    2  53.574406
Level   2   2  14    4  53.574417
Level   2   2  15    2  53.752880
Level   2   2  16    4  53.752888
Level   2   2  17    2  53.880543
Level   2   2  18    4  53.880550

Ion      He        2        3        1    1e+20
# There are 0 unique levels for 2 3

Ion       C        6        2        2   24.382
# There are 28 unique levels for 6 2
Level   6   2   0    2   0.000000
Level   6   2   1    4   0.007864
Level   6   2   2    6   9.291346
Level   6   2   3    4   9.291657
Level   6   2   4    2  11.965240
Level   6   2   5    2  13.717417
Level   6   2   6    4  13.722549
Level   6   2   7    2  14.450688
Level   6   2   8    4  18.048134
Level   6   2   9    6  18.048313
Level   6   2  10    2  19.497051
Level   6   2  11    4  20.847372
Level   6   2  12    6  20.847462
Level   6   2  13    2  21.495163
Level   6   2  14    4  22.133425
Level   6   2  15    6  22.133499
Level   6   2  16    2  22.476797
Level   6   2  17    2  22.570990
Level   6   2  18    4  22.573414
Level   6   2  19    4  22.825281
Level   6   2  20    6  22.825367
Level   6   2  21    2  23.030916
Level   6   2  22    4  23.384108
Level   6   2  23    6  23.388300
Level   6   2  24    2  26.586174
Level   6   2  25    4  26.589352
Level   6   2  26    2  28.257309
Level   6   2  27    4  28.260595

Ion       C        6        3        1   47.883
# There are 10 unique levels for 6 3
Level   6   3   0    1   0.000000
Level   6   3   1    3  12.691670
Level   6   3   2    3  32.107525
Level   6   3   3    3  38.440838
Level   6   3   4    3  39.978176
Level   6   3   5    3  42.564056
Level   6   3   6    3  42.992439
Level   6   3   7    3  44.281662
Level   6   3   8    3  45.247166
Level   6   3   9    3  45.870888

Ion       C        6        4        2   64.492
# There are 18 unique levels for 6 4
Level   6   4   0    2   0.000000
Level   6   4   1    2   7.996039
Level   6   4   2    4   8.009338
Level   6   4   3    2  39.686268
Level   6   4   4    4  39.690186
Level   6   4   5    2  50.630646
Level   6   4   6    4  50.632271
Level   6   4   7    2  55.658199
Level   6   4   8    4  55.659077
Level   6   4   9    2  58.376183
Level   6   4  10    4  58.376667
Level   6   4  11    2  60.009686
Level   6   4  12    4  60.009983
Level   6   4  13    2  61.067318
Level   6   4  14    4  61.067520
Level   6   4  15    2  61.791096
Level   6   4  16    4  61.791233
Level   6   4  17    4  62.299175

Ion       C        6        5        1   392.08
# There are 8 unique levels for 6 5
Level   6   5   0    1   0.000000
Level   6   5   1    3 307.938660
Level   6   5   2    3 354.562195
Level   6   5   3    3 370.966675
Level   6   5   4    3 378.577637
Level   6   5   5    3 382.718933
Level   6   5   6    3 385.211609
Level   6   5   7    3 386.833313

Ion       C        6        6        2   489.98
# There are 19 unique levels for 6 6
Level   6   6   0    2   0.000000
Level   6   6   1    2 367.521393
Level   6   6   2    4 367.580292
Level   6   6   3    2 435.602875
Level   6   6   4    4 435.620331
Level   6   6   5    2 459.429016
Level   6   6   6    4 459.436401
Level   6   6   7    2 470.456116
Level   6   6   8    4 470.459839
Level   6   6   9    2 476.445679
Level   6   6  10    4 476.447845
Level   6   6  11    2 480.057037
Level   6   6  12    4 480.058411
Level   6   6  13    2 482.400818
Level   6   6  14    4 482.401733
Level   6   6  15    2 484.007660
Level   6   6  16    4 484.008301
Level   6   6  17    2 485.157013
Level   6   6  18    4 485.157471

Ion       C        6        7        2    1e+20
# There are 0 unique levels for 6 7

Ion       N        7        3        2   47.448
# There are 43 unique levels for 7 3
Level   7   3   0    2   0.000000
Level   7   3   1    4   0.021626
Level   7   3   2    6  12.526981
Level   7   3   3    4  12.527812
Level   7   3   4    2  16.244556
Level   7   3   5    2  18.088612
Level   7   3   6    4  18.102264
Level   7   3   7    2  27.441511
Level   7   3   8    4  33.137608
Level   7   3   9    6  33.138302
Level   7   3  10    2  37.334293
Level   7   3  11    2  38.332321
Level   7   3  12    4  38.339016
Level   7   3  13    4  39.400768
Level   7   3  14    6  39.404713
Level   7   3  15    4  39.801350
Level   7   3  16    6  39.812340
Level   7   3  17    2  40.555248
Level   7   3  18    2  41.380344
Level   7   3  19    4  42.401573
Level   7   3  20    6  42.401711
Level   7   3  21    2  43.378338
Level   7   3  22    6  43.961845
Level   7   3  23    2  44.534428
Level   7   3  24    6  44.896248
Level   7   3  25    2  45.259342
Level   7   3  26    6  45.500626
Level   7   3  27    2  45.742897
Level   7   3  28    6  45.913422
Level   7   3  29    2  46.084282
Level   7   3  30    6  46.208790
Level   7   3  31    2  46.468620
Level   7   3  32    4  46.475861
Level   7   3  33    2  46.819725
Level   7   3  34    4  46.823868
Level   7   3  35    2  49.925518
Level   7   3  36    4  49.935562
Level   7   3  37    2  52.093227
Level   7   3  38    4  52.102196
Level   7   3  39    2  53.077717
Level   7   3  40    4  53.082096
Level   7   3  41    2  53.728802
Level   7   3  42    4  53.733688

Ion       N        7        4        1   77.472
# There are 14 unique levels for 7 4
Level   7   4   0    1   0.000000
Level   7   4   1    3  16.206066
Level   7   4   2    3  50.160851
Level   7   4   3    3  58.655716
Level   7   4   4    3  62.871548
Level   7   4   5    3  64.307793
Level   7   4   6    3  68.228943
Level   7   4   7    3  71.018761
Level   7   4   8    3  72.021469
Level   7   4   9    3  72.909546
Level   7   4  10    3  73.937691
Level   7   4  11    3  74.218842
Level   7   4  12    3  74.723656
Level   7   4  13    3  75.245560

Ion       N        7        5        2    97.89
# There are 19 unique levels for 7 5
Level   7   5   0    2   0.000000
Level   7   5   1    2   9.977451
Level   7   5   2    4  10.009529
Level   7   5   3    2  59.243027
Level   7   5   4    4  59.252491
Level   7   5   5    2  76.277588
Level   7   5   6    4  76.281662
Level   7   5   7    2  84.109367
Level   7   5   8    4  84.111366
Level   7   5   9    2  88.345558
Level   7   5  10    4  88.346733
Level   7   5  11    2  90.892540
Level   7   5  12    4  90.893265
Level   7   5  13    2  92.542076
Level   7   5  14    4  92.542557
Level   7   5  15    2  93.671158
Level   7   5  16    4  93.671509
Level   7   5  17    2  94.477753
Level   7   5  18    4  94.478004

Ion       N        7        6        1   552.06
# There are 4 unique levels for 7 6
Level   7   6   0    1   0.000000
Level   7   6   1    3 430.751801
Level   7   6   2    3 497.984711
Level   7   6   3    3 521.643921

Ion       N        7        7        2   667.03
# There are 19 unique levels for 7 7
Level   7   7   0    2   0.000000
Level   7   7   1    2 500.311096
Level   7   7   2    4 500.420258
Level   7   7   3    2 593.001526
Level   7   7   4    4 593.033875
Level   7   7   5    2 625.438721
Level   7   7   6    4 625.452332
Level   7   7   7    2 640.450623
Level   7   7   8    4 640.457642
Level   7   7   9    2 648.604431
Level   7   7  10    4 648.608459
Level   7   7  11    2 653.520508
Level   7   7  12    4 653.523071
Level   7   7  13    2 656.711121
Level   7   7  14    4 656.712830
Level   7   7  15    2 658.898499
Level   7   7  16    4 658.899658
Level   7   7  17    2 660.463013
Level   7   7  18    4 660.463867

Ion       N        7        8        2    1e+20
# There are 0 unique levels for 7 8

Ion       O        8        3        3     54.9
# There are 47 unique levels for 8 3
Level   8   3   0    1   0.000000
Level   8   3   1    3   0.014034
Level   8   3   2    5   0.037966
Level   8   3   3    7  14.883146
Level   8   3   4    5  14.886642
Level   8   3   5    3  14.887239
Level   8   3   6    5  17.655270
Level   8   3   7    3  17.655367
Level   8   3   8    1  17.656818
Level   8   3   9    3  24.438910
Level   8   3  10    1  33.140129
Level   8   3  11    3  33.154812
Level   8   3  12    5  33.186661
Level   8   3  13    3  40.576485
Level   8   3  14    5  40.582569
Level   8   3  15    7  40.591724
Level   8   3  16    5  40.854313
Level   8   3  17    3  40.868458
Level   8   3  18    1  40.876053
Level   8   3  19    1  44.235363
Level   8   3  20    3  44.248837
Level   8   3  21    5  44.282570
Level   8   3  22    3  45.044724
Level   8   3  23    3  46.446945
Level   8   3  24    5  46.458344
Level   8   3  25    7  46.474659
Level   8   3  26    5  46.922371
Level   8   3  27    3  46.923878
Level   8   3  28    1  46.926025
Level   8   3  29    3  47.024235
Level   8   3  30    5  47.032402
Level   8   3  31    7  47.040302
Level   8   3  32    5  47.207672
Level   8   3  33    3  47.209087
Level   8   3  34    1  47.211452
Level   8   3  35    1  48.587082
Level   8   3  36    3  48.597878
Level   8   3  37    5  48.634048
Level   8   3  38    3  49.891842
Level   8   3  39    5  49.899097
Level   8   3  40    7  49.914200
Level   8   3  41    1  50.722591
Level   8   3  42    3  50.731655
Level   8   3  43    5  50.769897
Level   8   3  44    7  51.482391
Level   8   3  45    3  54.189625
Level   8   3  46    7  54.897110

Ion       O        8        4        2   77.412
# There are 42 unique levels for 8 4
Level   8   4   0    2   0.000000
Level   8   4   1    4   0.047852
Level   8   4   2    6  15.740123
Level   8   4   3    4  15.741847
Level   8   4   4    2  20.381462
Level   8   4   5    2  22.379650
Level   8   4   6    4  22.409832
Level   8   4   7    2  44.344238
Level   8   4   8    4  52.022278
Level   8   4   9    6  52.024345
Level   8   4  10    2  57.936516
Level   8   4  11    4  57.950851
Level   8   4  12    4  59.850681
Level   8   4  13    6  59.882362
Level   8   4  14    2  60.241974
Level   8   4  15    2  61.118557
Level   8   4  16    4  63.310730
Level   8   4  17    6  63.311275
Level   8   4  18    2  66.881729
Level   8   4  19    4  67.868523
Level   8   4  20    6  67.872116
Level   8   4  21    2  68.174301
Level   8   4  22    4  68.182114
Level   8   4  23    4  68.451767
Level   8   4  24    6  68.452103
Level   8   4  25    2  68.753258
Level   8   4  26    6  71.221817
Level   8   4  27    2  71.325150
Level   8   4  28    4  71.346603
Level   8   4  29    4  72.483185
Level   8   4  30    6  72.510468
Level   8   4  31    2  73.168655
Level   8   4  32    2  73.698265
Level   8   4  33    4  73.722816
Level   8   4  34    6  73.985733
Level   8   4  35    4  74.003082
Level   8   4  36    4  74.411514
Level   8   4  37    6  74.413246
Level   8   4  38    4  77.938942
Level   8   4  39    4  78.420937
Level   8   4  40    2  78.442139
Level   8   4  41    4  81.839867

Ion       O        8        5        1    113.9
# There are 12 unique levels for 8 5
Level   8   5   0    1   0.000000
Level   8   5   1    3  19.690943
Level   8   5   2    3  72.022385
Level   8   5   3    3  82.396362
Level   8   5   4    3  89.190208
Level   8   5   5    3  91.497353
Level   8   5   6    3  99.505920
Level   8   5   7    3 102.211113
Level   8   5   8    3 104.112534
Level   8   5   9    3 105.085190
Level   8   5  10    3 106.748528
Level   8   5  11    3 108.431580

Ion       O        8        6        2   138.12
# There are 13 unique levels for 8 6
Level   8   6   0    2   0.000000
Level   8   6   1    2  11.950480
Level   8   6   2    4  12.016381
Level   8   6   3    2  82.598152
Level   8   6   4    4  82.617569
Level   8   6   5    2 107.053543
Level   8   6   6    4 107.061462
Level   8   6   7    4 118.306084
Level   8   6   8    4 124.388298
Level   8   6   9    4 128.046295
Level   8   6  10    4 130.413956
Level   8   6  11    4 132.034515
Level   8   6  12    4 133.290512

Ion       O        8        7        1    739.3
# There are 10 unique levels for 8 7
Level   8   7   0    1   0.000000
Level   8   7   1    3 574.024841
Level   8   7   2    3 665.636414
Level   8   7   3    3 697.884766
Level   8   7   4    3 712.808533
Level   8   7   5    3 720.931152
Level   8   7   6    3 725.741394
Level   8   7   7    3 729.017334
Level   8   7   8    3 731.200012
Level   8   7   9    3 732.761536

Ion       O        8        9        2    1e+20
# There are 0 unique levels for 8 9

Ion      Ne       10        1        1   21.564
# There are 8 unique levels for 10 1
Level  10   1   0    1   0.000000
Level  10   1   1    3  16.672974
Level  10   1   2    3  16.850225
Level  10   1   3    3  19.690729
Level  10   1   4    3  19.782322
Level  10   1   5    3  20.029026
Level  10   1   6    3  20.042967
Level  10   1   7    3  20.142052

Ion      Ne       10        2        6   40.962
# There are 36 unique levels for 10 2
Level  10   2   0    4   0.000000
Level  10   2   1    2   0.096762
Level  10   2   2    2  26.913940
Level  10   2   3    4  27.786829
Level  10   2   4    2  27.862747
Level  10   2   5    6  30.552914
Level  10   2   6    4  30.553331
Level  10   2   7    2  34.308010
Level  10   2   8    6  34.753403
Level  10   2   9    4  34.778774
Level  10   2  10    2  34.885288
Level  10   2  11    4  34.933365
Level  10   2  12    4  35.132019
Level  10   2  13    2  35.202957
Level  10   2  14    6  37.486214
Level  10   2  15    4  37.500862
Level  10   2  16    2  37.551197
Level  10   2  17    4  37.601555
Level  10   2  18    4  37.692863
Level  10   2  19    2  37.750645
Level  10   2  20    4  37.890354
Level  10   2  21    2  37.892258
Level  10   2  22    2  37.945423
Level  10   2  23    6  37.974236
Level  10   2  24    4  37.976639
Level  10   2  25    6  38.204613
Level  10   2  26    4  38.204655
Level  10   2  27    4  38.759205
Level  10   2  28    2  38.812824
Level  10   2  29    6  38.829231
Level  10   2  30    4  38.864819
Level  10   2  31    4  38.892921
Level  10   2  32    2  38.938404
Level  10   2  33    6  39.432083
Level  10   2  34    4  39.548626
Level  10   2  35    2  42.009865

Ion      Ne       10        3        9    63.45
# There are 45 unique levels for 10 3
Level  10   3   0    5   0.000000
Level  10   3   1    3   0.079769
Level  10   3   2    1   0.114266
Level  10   3   3    5  25.331772
Level  10   3   4    3  25.404226
Level  10   3   5    1  25.444204
Level  10   3   6    3  39.609333
Level  10   3   7    7  43.788418
Level  10   3   8    5  43.792065
Level  10   3   9    3  43.794556
Level  10   3  10    3  46.436558
Level  10   3  11    1  46.436626
Level  10   3  12    5  46.437374
Level  10   3  13    3  49.373962
Level  10   3  14    5  49.374535
Level  10   3  15    7  49.376110
Level  10   3  16    3  52.058468
Level  10   3  17    7  54.167038
Level  10   3  18    5  54.175697
Level  10   3  19    3  54.181316
Level  10   3  20    5  54.506931
Level  10   3  21    3  54.522022
Level  10   3  22    1  54.528587
Level  10   3  23    3  54.566265
Level  10   3  24    3  55.579494
Level  10   3  25    5  55.580872
Level  10   3  26    7  55.583092
Level  10   3  27    3  56.764893
Level  10   3  28    5  56.787773
Level  10   3  29    7  56.790794
Level  10   3  30    3  56.792061
Level  10   3  31    1  56.827316
Level  10   3  32    3  56.833481
Level  10   3  33    5  56.846752
Level  10   3  34    3  57.054111
Level  10   3  35    5  57.055599
Level  10   3  36    7  57.057091
Level  10   3  37    5  58.426300
Level  10   3  38    7  58.426342
Level  10   3  39    3  59.498501
Level  10   3  40    5  59.498993
Level  10   3  41    1  59.499062
Level  10   3  42    7  61.751190
Level  10   3  43    5  61.754459
Level  10   3  44    3  61.756813

Ion      Ne       10        4        4    97.11
# There are 19 unique levels for 10 4
Level  10   4   0    4   0.000000
Level  10   4   1    6  22.798672
Level  10   4   2    4  22.875179
Level  10   4   3    2  22.915108
Level  10   4   4    2  59.359009
Level  10   4   5    4  59.406376
Level  10   4   6    6  59.478172
Level  10   4   7    6  71.834167
Level  10   4   8    4  71.873726
Level  10   4   9    2  71.887489
Level  10   4  10    2  78.549767
Level  10   4  11    4  78.590073
Level  10   4  12    6  78.667320
Level  10   4  13    6  83.253967
Level  10   4  14    4  83.340767
Level  10   4  15    2  83.411942
Level  10   4  16    2  85.945267
Level  10   4  17    4  86.021027
Level  10   4  18    6  86.099892

Ion      Ne       10        5        9   126.21
# There are 30 unique levels for 10 5
Level  10   5   0    1   0.000000
Level  10   5   1    3   0.051336
Level  10   5   2    5   0.137888
Level  10   5   3    7  21.803446
Level  10   5   4    5  21.812250
Level  10   5   5    3  21.814978
Level  10   5   6    5  25.811504
Level  10   5   7    1  25.815968
Level  10   5   8    3  34.641308
Level  10   5   9    1  73.935600
Level  10   5  10    3  73.981728
Level  10   5  11    5  74.092957
Level  10   5  12    3  86.580765
Level  10   5  13    5  86.599487
Level  10   5  14    7  86.643265
Level  10   5  15    5  87.018982
Level  10   5  16    3  87.057297
Level  10   5  17    1  87.105042
Level  10   5  18    3  91.407967
Level  10   5  19    5  93.998329
Level  10   5  20    7  94.049171
Level  10   5  21    3  94.939491
Level  10   5  22    5  94.984131
Level  10   5  23    5  98.614731
Level  10   5  24    7 104.331268
Level  10   5  25    5 104.410629
Level  10   5  26    5 104.521484
Level  10   5  27    7 112.435921
Level  10   5  28    5 112.497917
Level  10   5  29    5 114.857643

Ion      Ne       10        6        6   157.93
# There are 22 unique levels for 10 6
Level  10   6   0    2   0.000000
Level  10   6   1    4   0.162440
Level  10   6   2    6  22.195040
Level  10   6   3    4  22.198635
Level  10   6   4    2  28.625813
Level  10   6   5    2  30.912251
Level  10   6   6    4  31.013931
Level  10   6   7    2  89.603767
Level  10   6   8    6 101.234360
Level  10   6   9    2 108.647713
Level  10   6  10    4 108.705994
Level  10   6  11    4 111.612556
Level  10   6  12    6 111.711754
Level  10   6  13    2 113.442802
Level  10   6  14    4 122.264168
Level  10   6  15    6 122.281532
Level  10   6  16    4 122.505974
Level  10   6  17    6 126.362373
Level  10   6  18    6 130.972702
Level  10   6  19    6 137.854706
Level  10   6  20    6 139.331558
Level  10   6  21    6 144.036118

Ion      Ne       10        7        1   207.26
# There are 9 unique levels for 10 7
Level  10   7   0    1   0.000000
Level  10   7   1    3  26.654085
Level  10   7   2    3 127.185738
Level  10   7   3    3 142.163727
Level  10   7   4    3 151.204575
Level  10   7   5    3 163.664108
Level  10   7   6    3 178.939697
Level  10   7   7    3 182.926300
Level  10   7   8    3 188.306671

Ion      Ne       10        8        2   239.09
# There are 12 unique levels for 10 8
Level  10   8   0    2   0.000000
Level  10   8   1    2  15.890858
Level  10   8   2    4  16.095371
Level  10   8   3    2 140.722839
Level  10   8   4    4 140.782364
Level  10   8   5    4 184.026184
Level  10   8   6    4 203.961685
Level  10   8   7    4 214.729858
Level  10   8   8    4 221.258469
Level  10   8   9    4 225.413712
Level  10   8  10    4 228.321518
Level  10   8  11    4 230.441925

Ion      Na       11        2        1   47.286
# There are 2 unique levels for 11 2
Level  11   2   0    1   0.000000
Level  11   2   1    3  33.326656

Ion      Na       11        3        6    71.64
# There are 37 unique levels for 11 3
Level  11   3   0    4   0.000000
Level  11   3   1    2   0.169421
Level  11   3   2    2  32.792465
Level  11   3   3    4  46.330471
Level  11   3   4    2  46.460373
Level  11   3   5    6  49.497734
Level  11   3   6    4  49.498676
Level  11   3   7    2  53.943546
Level  11   3   8    6  57.584461
Level  11   3   9    4  57.662292
Level  11   3  10    2  57.785557
Level  11   3  11    4  57.881798
Level  11   3  12    4  59.817955
Level  11   3  13    2  59.940266
Level  11   3  14    4  61.155903
Level  11   3  15    2  61.168537
Level  11   3  16    2  61.237392
Level  11   3  17    6  61.330822
Level  11   3  18    4  61.341133
Level  11   3  19    4  63.417881
Level  11   3  20    6  63.417942
Level  11   3  21    4  63.862198
Level  11   3  22    2  63.877449
Level  11   3  23    6  63.905350
Level  11   3  24    4  63.982105
Level  11   3  25    4  64.817368
Level  11   3  26    2  64.917442
Level  11   3  27    6  65.653336
Level  11   3  28    4  65.657806
Level  11   3  29    2  67.411453
Level  11   3  30    4  67.484116
Level  11   3  31    2  67.490570
Level  11   3  32    6  67.548973
Level  11   3  33    4  67.553810
Level  11   3  34    2  67.941017
Level  11   3  35    4  68.498192
Level  11   3  36    6  68.499680

Ion      Na       11        4        9    98.91
# There are 44 unique levels for 11 4
Level  11   4   0    5   0.000000
Level  11   4   1    3   0.137181
Level  11   4   2    1   0.195424
Level  11   4   3    5  30.216599
Level  11   4   4    3  30.341305
Level  11   4   5    1  30.409653
Level  11   4   6    3  60.344707
Level  11   4   7    7  65.110634
Level  11   4   8    5  65.114601
Level  11   4   9    3  65.117325
Level  11   4  10    3  68.219566
Level  11   4  11    1  68.219688
Level  11   4  12    5  68.223160
Level  11   4  13    3  73.766228
Level  11   4  14    5  73.767601
Level  11   4  15    7  73.771919
Level  11   4  16    7  79.214409
Level  11   4  17    5  79.229042
Level  11   4  18    3  79.236977
Level  11   4  19    5  79.738564
Level  11   4  20    3  79.770676
Level  11   4  21    1  79.784195
Level  11   4  22    3  79.876694
Level  11   4  23    3  79.957664
Level  11   4  24    1  82.229103
Level  11   4  25    3  82.275230
Level  11   4  26    5  82.289368
Level  11   4  27    7  82.502769
Level  11   4  28    5  82.505997
Level  11   4  29    3  82.509712
Level  11   4  30    5  84.893745
Level  11   4  31    7  84.894241
Level  11   4  32    3  84.895477
Level  11   4  33    7  85.529495
Level  11   4  34    5  85.533958
Level  11   4  35    3  85.536308
Level  11   4  36    3  88.594154
Level  11   4  37    5  88.596016
Level  11   4  38    7  90.607178
Level  11   4  39    5  90.610397
Level  11   4  40    3  90.612137
Level  11   4  41    5  90.808426
Level  11   4  42    3  90.811028
Level  11   4  43    3  90.889526

Ion      Na       11        5        4    138.4
# There are 15 unique levels for 11 5
Level  11   5   0    4   0.000000
Level  11   5   1    6  26.766678
Level  11   5   2    4  26.895142
Level  11   5   3    2  26.962597
Level  11   5   4    2  83.220978
Level  11   5   5    4  83.302078
Level  11   5   6    6  83.421982
Level  11   5   7    6  98.973717
Level  11   5   8    4  99.029022
Level  11   5   9    2  99.059029
Level  11   5  10    6 105.094986
Level  11   5  11    2 110.637917
Level  11   5  12    6 110.833832
Level  11   5  13    6 116.649445
Level  11   5  14    4 116.675484

Ion      Na       11        6        9   172.15
# There are 28 unique levels for 11 6
Level  11   6   0    1   0.000000
Level  11   6   1    3   0.086552
Level  11   6   2    5   0.230516
Level  11   6   3    7  25.312403
Level  11   6   4    5  25.323687
Level  11   6   5    3  25.328400
Level  11   6   6    5  29.926327
Level  11   6   7    3  39.753090
Level  11   6   8    3 100.107819
Level  11   6   9    5 100.291344
Level  11   6  10    3 115.292137
Level  11   6  11    5 115.320160
Level  11   6  12    7 115.383400
Level  11   6  13    5 115.806244
Level  11   6  14    3 115.873199
Level  11   6  15    1 115.907921
Level  11   6  16    3 120.384331
Level  11   6  17    5 123.505417
Level  11   6  18    7 123.595932
Level  11   6  19    3 124.628853
Level  11   6  20    5 124.708214
Level  11   6  21    7 128.987457
Level  11   6  22    5 135.254425
Level  11   6  23    3 140.552963
Level  11   6  24    5 140.600082
Level  11   6  25    7 140.709198
Level  11   6  26    5 140.911316
Level  11   6  27    7 152.298248

Ion      Na       11        7        6   208.48
# There are 41 unique levels for 11 7
Level  11   7   0    2   0.000000
Level  11   7   1    4   0.265236
Level  11   7   2    6  25.471125
Level  11   7   3    4  25.475588
Level  11   7   4    2  32.785645
Level  11   7   5    2  35.199806
Level  11   7   6    4  35.363487
Level  11   7   7    2 117.967567
Level  11   7   8    4 131.512100
Level  11   7   9    6 131.526978
Level  11   7  10    2 139.724640
Level  11   7  11    4 139.801514
Level  11   7  12    4 143.192917
Level  11   7  13    6 143.366516
Level  11   7  14    2 145.370361
Level  11   7  15    4 155.207291
Level  11   7  16    6 155.249451
Level  11   7  17    2 155.415619
Level  11   7  18    4 155.468933
Level  11   7  19    2 156.101334
Level  11   7  20    2 160.569061
Level  11   7  21    4 165.061584
Level  11   7  22    6 165.164505
Level  11   7  23    4 165.640671
Level  11   7  24    6 165.643158
Level  11   7  25    6 172.416046
Level  11   7  26    6 175.538361
Level  11   7  27    2 177.585602
Level  11   7  28    4 177.643890
Level  11   7  29    2 178.896286
Level  11   7  30    4 178.953323
Level  11   7  31    4 180.060654
Level  11   7  32    6 180.215652
Level  11   7  33    4 181.228729
Level  11   7  34    6 181.237411
Level  11   7  35    6 189.653305
Level  11   7  36    6 193.674637
Level  11   7  37    6 194.690186
Level  11   7  38    4 195.715668
Level  11   7  39    6 196.384033
Level  11   7  40    6 197.953873

Ion      Na       11        8        1   264.19
# There are 9 unique levels for 11 8
Level  11   8   0    1   0.000000
Level  11   8   1    3  30.157835
Level  11   8   2    3 160.484741
Level  11   8   3    3 176.839752
Level  11   8   4    3 187.702789
Level  11   8   5    3 207.500656
Level  11   8   6    3 228.025162
Level  11   8   7    3 228.545959
Level  11   8   8    3 239.433182

Ion      Na       11        9        2    299.9
# There are 10 unique levels for 11 9
Level  11   9   0    2   0.000000
Level  11   9   1    2  17.863712
Level  11   9   2    4  18.189337
Level  11   9   3    2 175.506119
Level  11   9   4    4 175.600372
Level  11   9   5    2 230.198883
Level  11   9   6    4 230.239807
Level  11   9   7    4 255.390762
Level  11   9   8    4 269.039459
Level  11   9   9    4 277.250763

Ion      Mg       12        2        2   15.035
# There are 17 unique levels for 12 2
Level  12   2   0    2   0.000000
Level  12   2   1    2   4.423000
Level  12   2   2    4   4.434355
Level  12   2   3    2   9.996832
Level  12   2   4    4  10.000617
Level  12   2   5    2  12.084452
Level  12   2   6    4  12.086164
Level  12   2   7    2  13.097189
Level  12   2   8    4  13.098104
Level  12   2   9    2  13.665263
Level  12   2  10    4  13.665811
Level  12   2  11    2  14.015771
Level  12   2  12    4  14.016123
Level  12   2  13    2  14.247222
Level  12   2  14    4  14.247461
Level  12   2  15    2  14.408039
Level  12   2  16    4  14.408213

Ion      Mg       12        3        1   80.143
# There are 3 unique levels for 12 3
Level  12   3   0    1   0.000000
Level  12   3   1    3  53.509796
Level  12   3   2    3  66.482941

Ion      Mg       12        4        6   109.31
# There are 41 unique levels for 12 4
Level  12   4   0    4   0.000000
Level  12   4   1    2   0.276272
Level  12   4   2    2  38.630024
Level  12   4   3    4  68.654694
Level  12   4   4    2  68.862488
Level  12   4   5    6  72.237839
Level  12   4   6    4  72.239822
Level  12   4   7    2  77.389702
Level  12   4   8    4  84.324295
Level  12   4   9    6  84.381271
Level  12   4  10    2  84.447006
Level  12   4  11    4  84.626747
Level  12   4  12    4  88.242577
Level  12   4  13    2  88.273308
Level  12   4  14    2  88.303558
Level  12   4  15    6  88.463089
Level  12   4  16    4  88.496758
Level  12   4  17    4  89.685272
Level  12   4  18    2  89.877350
Level  12   4  19    6  93.363663
Level  12   4  20    4  93.371803
Level  12   4  21    6  93.851532
Level  12   4  22    4  93.852730
Level  12   4  23    2  95.400276
Level  12   4  24    4  95.408340
Level  12   4  25    6  95.489433
Level  12   4  26    4  95.597687
Level  12   4  27    4  97.790504
Level  12   4  28    2  97.945381
Level  12   4  29    2  98.835083
Level  12   4  30    4  99.478394
Level  12   4  31    2  99.486084
Level  12   4  32    6  99.566437
Level  12   4  33    4  99.578835
Level  12   4  34    2  99.665634
Level  12   4  35    6 100.595634
Level  12   4  36    4 100.674751
Level  12   4  37    4 102.019157
Level  12   4  38    4 104.652924
Level  12   4  39    2 104.660614
Level  12   4  40    4 104.708725

Ion      Mg       12        5        9   141.27
# There are 46 unique levels for 12 5
Level  12   5   0    5   0.000000
Level  12   5   1    3   0.221105
Level  12   5   2    1   0.312704
Level  12   5   3    5  35.118378
Level  12   5   4    3  35.318760
Level  12   5   5    1  35.428337
Level  12   5   6    3  84.883202
Level  12   5   7    7  90.240135
Level  12   5   8    5  90.242737
Level  12   5   9    3  90.245094
Level  12   5  10    1  93.811714
Level  12   5  11    3  93.814316
Level  12   5  12    5  93.823616
Level  12   5  13    3 101.924919
Level  12   5  14    5 101.926781
Level  12   5  15    7 101.936325
Level  12   5  16    7 108.030937
Level  12   5  17    5 108.048416
Level  12   5  18    3 108.052513
Level  12   5  19    5 108.722733
Level  12   5  20    3 108.783241
Level  12   5  21    1 108.805565
Level  12   5  22    3 109.060013
Level  12   5  23    1 111.446022
Level  12   5  24    3 111.471443
Level  12   5  25    5 111.521912
Level  12   5  26    7 111.867004
Level  12   5  27    5 111.911270
Level  12   5  28    3 111.943138
Level  12   5  29    3 112.933159
Level  12   5  30    7 119.297470
Level  12   5  31    5 119.300941
Level  12   5  32    3 119.302299
Level  12   5  33    3 119.338638
Level  12   5  34    7 119.343346
Level  12   5  35    3 122.834572
Level  12   5  36    7 125.716209
Level  12   5  37    5 125.723404
Level  12   5  38    3 125.727623
Level  12   5  39    5 126.185059
Level  12   5  40    3 126.232178
Level  12   5  41    3 127.320900
Level  12   5  42    3 129.278854
Level  12   5  43    5 129.307388
Level  12   5  44    3 129.438828
Level  12   5  45    3 134.153305

Ion      Mg       12        6        4   186.51
# There are 18 unique levels for 12 6
Level  12   6   0    4   0.000000
Level  12   6   1    6  30.745596
Level  12   6   2    4  30.948460
Level  12   6   3    2  31.055843
Level  12   6   4    2 110.848717
Level  12   6   5    4 110.966515
Level  12   6   6    6 111.158714
Level  12   6   7    6 129.866623
Level  12   6   8    4 129.950943
Level  12   6   9    2 129.999298
Level  12   6  10    6 136.418793
Level  12   6  11    6 148.395966
Level  12   6  12    6 155.277985
Level  12   6  13    4 155.330063
Level  12   6  14    2 155.356094
Level  12   6  15    4 163.395035
Level  12   6  16    6 163.515305
Level  12   6  17    6 166.278030

Ion      Mg       12        7        9   224.95
# There are 31 unique levels for 12 7
Level  12   7   0    1   0.000000
Level  12   7   1    3   0.137268
Level  12   7   2    5   0.362577
Level  12   7   3    7  28.873812
Level  12   7   4    5  28.886709
Level  12   7   5    3  28.895016
Level  12   7   6    3  34.087276
Level  12   7   7    5  34.088142
Level  12   7   8    1  34.093475
Level  12   7   9    3  44.902573
Level  12   7  10    1 129.903824
Level  12   7  11    3 130.001785
Level  12   7  12    5 130.310547
Level  12   7  13    3 147.777206
Level  12   7  14    5 147.829285
Level  12   7  15    7 147.938400
Level  12   7  16    5 148.397202
Level  12   7  17    3 148.484009
Level  12   7  18    1 148.533615
Level  12   7  19    3 153.178650
Level  12   7  20    5 156.836655
Level  12   7  21    7 156.991653
Level  12   7  22    5 158.286224
Level  12   7  23    7 161.104752
Level  12   7  24    5 182.223221
Level  12   7  25    7 182.331100
Level  12   7  26    5 182.544373
Level  12   7  27    7 195.958710
Level  12   7  28    5 198.142365
Level  12   7  29    5 206.555771
Level  12   7  30    7 212.997574

Ion      Mg       12        8        6   265.92
# There are 33 unique levels for 12 8
Level  12   8   0    2   0.000000
Level  12   8   1    4   0.409449
Level  12   8   2    6  28.802017
Level  12   8   3    4  28.806108
Level  12   8   4    2  36.987019
Level  12   8   5    2  39.521458
Level  12   8   6    4  39.769707
Level  12   8   7    2 150.125763
Level  12   8   8    4 165.646866
Level  12   8   9    6 165.667953
Level  12   8  10    2 174.638123
Level  12   8  11    4 174.765839
Level  12   8  12    4 178.635895
Level  12   8  13    6 178.911163
Level  12   8  14    2 181.153091
Level  12   8  15    6 192.057663
Level  12   8  16    2 192.199036
Level  12   8  17    4 192.269714
Level  12   8  18    2 193.017426
Level  12   8  19    6 203.210251
Level  12   8  20    2 204.337402
Level  12   8  21    6 210.035217
Level  12   8  22    6 211.207016
Level  12   8  23    6 215.003906
Level  12   8  24    2 217.451660
Level  12   8  25    4 217.594269
Level  12   8  26    4 224.957397
Level  12   8  27    4 226.058517
Level  12   8  28    6 226.332550
Level  12   8  29    4 230.432007
Level  12   8  30    6 230.444397
Level  12   8  31    6 241.311783
Level  12   8  32    6 247.328262

Ion      Mg       12       11        1    1e+20
# There are 0 unique levels for 12 11

Ion      Al       13        2        1   18.826
# There are 10 unique levels for 13 2
Level  13   2   0    1   0.000000
Level  13   2   1    3   7.421661
Level  13   2   2    3  13.258168
Level  13   2   3    3  15.607780
Level  13   2   4    3  16.730030
Level  13   2   5    3  17.349977
Level  13   2   6    3  17.727215
Level  13   2   7    3  17.972721
Level  13   2   8    3  18.141216
Level  13   2   9    3  18.261606

Ion      Al       13        3        2   28.448
# There are 11 unique levels for 13 3
Level  13   3   0    2   0.000000
Level  13   3   1    2   6.656693
Level  13   3   2    4   6.685668
Level  13   3   3    2  17.810564
Level  13   3   4    4  17.820499
Level  13   3   5    2  22.125778
Level  13   3   6    4  22.130350
Level  13   3   7    2  24.257128
Level  13   3   8    4  24.259609
Level  13   3   9    2  25.466627
Level  13   3  10    4  25.468119

Ion      Al       13        4        1   119.99
# There are 3 unique levels for 13 4
Level  13   4   0    1   0.000000
Level  13   4   1    3  77.465080
Level  13   4   2    3  95.583908

Ion      Al       13        5        6   153.75
# There are 41 unique levels for 13 5
Level  13   5   0    4   0.000000
Level  13   5   1    2   0.426809
Level  13   5   2    2  44.493248
Level  13   5   3    4  94.767181
Level  13   5   4    2  95.082367
Level  13   5   5    6  98.781311
Level  13   5   6    4  98.785095
Level  13   5   7    2 104.645485
Level  13   5   8    4 114.753731
Level  13   5   9    2 114.811020
Level  13   5  10    6 114.872276
Level  13   5  11    4 115.122757
Level  13   5  12    2 119.091629
Level  13   5  13    4 119.147797
Level  13   5  14    2 119.243279
Level  13   5  15    6 119.366409
Level  13   5  16    4 119.451721
Level  13   5  17    4 124.718132
Level  13   5  18    6 124.886276
Level  13   5  19    4 124.904137
Level  13   5  20    2 125.001228
Level  13   5  21    6 129.392944
Level  13   5  22    4 129.393555
Level  13   5  23    2 132.081268
Level  13   5  24    4 132.117218
Level  13   5  25    6 132.259827
Level  13   5  26    4 132.403671
Level  13   5  27    2 135.154861
Level  13   5  28    2 136.573792
Level  13   5  29    2 136.715149
Level  13   5  30    6 136.795746
Level  13   5  31    4 136.819305
Level  13   5  32    4 140.039597
Level  13   5  33    6 140.231796
Level  13   5  34    4 140.324799
Level  13   5  35    6 142.496033
Level  13   5  36    4 142.508438
Level  13   5  37    4 144.317596
Level  13   5  38    6 144.516006
Level  13   5  39    2 144.755325
Level  13   5  40    4 144.839645

Ion      Al       13        6        9   190.47
# There are 32 unique levels for 13 6
Level  13   6   0    5   0.000000
Level  13   6   1    3   0.338768
Level  13   6   2    1   0.474797
Level  13   6   3    5  40.052303
Level  13   6   4    3  40.358212
Level  13   6   5    1  40.525116
Level  13   6   6    3 113.226044
Level  13   6   7    3 119.176567
Level  13   6   8    1 123.202850
Level  13   6   9    3 123.213890
Level  13   6  10    5 123.240547
Level  13   6  11    3 133.850372
Level  13   6  12    5 133.852737
Level  13   6  13    7 133.871826
Level  13   6  14    3 140.648438
Level  13   6  15    5 140.659592
Level  13   6  16    5 141.469315
Level  13   6  17    3 141.573471
Level  13   6  18    1 141.608200
Level  13   6  19    3 141.987640
Level  13   6  20    1 144.367203
Level  13   6  21    3 144.411850
Level  13   6  22    5 144.493683
Level  13   6  23    5 144.917770
Level  13   6  24    3 144.987198
Level  13   6  25    7 144.999603
Level  13   6  26    3 151.069412
Level  13   6  27    3 158.044418
Level  13   6  28    3 159.087265
Level  13   6  29    5 162.300110
Level  13   6  30    3 166.090790
Level  13   6  31    5 166.571915

Ion      Al       13        7        4   241.44
# There are 14 unique levels for 13 7
Level  13   7   0    4   0.000000
Level  13   7   1    6  34.744850
Level  13   7   2    4  35.051128
Level  13   7   3    2  35.212330
Level  13   7   4    2 142.253006
Level  13   7   5    4 142.432800
Level  13   7   6    6 142.718002
Level  13   7   7    6 164.535828
Level  13   7   8    4 164.658585
Level  13   7   9    2 164.728027
Level  13   7  10    6 171.559204
Level  13   7  11    4 171.564163
Level  13   7  12    6 191.332275
Level  13   7  13    6 211.060699

Ion      Al       13        8        9   284.59
# There are 23 unique levels for 13 8
Level  13   8   0    1   0.000000
Level  13   8   1    3   0.212040
Level  13   8   2    5   0.548081
Level  13   8   3    7  32.510365
Level  13   8   4    5  32.521526
Level  13   8   5    3  32.528965
Level  13   8   6    5  38.329693
Level  13   8   7    3  50.120869
Level  13   8   8    1 163.598389
Level  13   8   9    3 163.734787
Level  13   8  10    5 164.183670
Level  13   8  11    3 184.086945
Level  13   8  12    5 184.170013
Level  13   8  13    7 184.349823
Level  13   8  14    5 184.830933
Level  13   8  15    3 184.952454
Level  13   8  16    1 185.021896
Level  13   8  17    3 189.875259
Level  13   8  18    3 193.953629
Level  13   8  19    5 194.054077
Level  13   8  20    7 194.285950
Level  13   8  21    5 228.922928
Level  13   8  22    7 229.086594

Ion      Si       14        2        2   16.346
# There are 26 unique levels for 14 2
Level  14   2   0    2   0.000000
Level  14   2   1    4   0.035618
Level  14   2   2    4   6.858369
Level  14   2   3    6   6.860332
Level  14   2   4    2   8.122069
Level  14   2   5    2   9.506516
Level  14   2   6    4   9.837988
Level  14   2   7    6   9.840036
Level  14   2   8    2  10.391457
Level  14   2   9    4  10.416543
Level  14   2  10    2  12.148557
Level  14   2  11    4  12.526875
Level  14   2  12    6  12.527038
Level  14   2  13    2  13.786893
Level  14   2  14    4  13.936945
Level  14   2  15    6  13.936965
Level  14   2  16    2  14.621455
Level  14   2  17    4  14.696856
Level  14   2  18    6  14.696864
Level  14   2  19    2  15.105004
Level  14   2  20    4  15.148293
Level  14   2  21    6  15.148300
Level  14   2  22    2  15.410333
Level  14   2  23    6  15.437489
Level  14   2  24    2  16.441442
Level  14   2  25    4  16.451872

Ion      Si       14        3        1   33.492
# There are 8 unique levels for 14 3
Level  14   3   0    1   0.000000
Level  14   3   1    3  10.277680
Level  14   3   2    3  21.884441
Level  14   3   3    3  26.602026
Level  14   3   4    3  28.358809
Level  14   3   5    3  29.064108
Level  14   3   6    3  29.257977
Level  14   3   7    3  30.364105

Ion      Si       14        4        2   45.141
# There are 13 unique levels for 14 4
Level  14   4   0    2   0.000000
Level  14   4   1    2   8.839667
Level  14   4   2    4   8.896844
Level  14   4   3    2  27.065128
Level  14   4   4    4  27.085194
Level  14   4   5    2  34.286503
Level  14   4   6    4  34.295849
Level  14   4   7    2  37.899548
Level  14   4   8    4  37.904655
Level  14   4   9    2  39.966862
Level  14   4  10    4  39.969948
Level  14   4  11    2  41.260300
Level  14   4  12    4  41.262287

Ion      Si       14        5        1   166.77
# There are 3 unique levels for 14 5
Level  14   5   0    1   0.000000
Level  14   5   1    3 105.215538
Level  14   5   2    3 128.577637

Ion      Si       14        6        2   205.16
# There are 27 unique levels for 14 6
Level  14   6   0    4   0.000000
Level  14   6   1    2   0.631161
Level  14   6   2    2  50.405697
Level  14   6   3    4 124.673492
Level  14   6   4    2 125.130806
Level  14   6   5    6 129.135757
Level  14   6   6    4 129.142715
Level  14   6   7    2 135.711868
Level  14   6   8    2 148.888245
Level  14   6   9    4 148.936615
Level  14   6  10    6 149.167252
Level  14   6  11    4 149.387970
Level  14   6  12    2 153.659775
Level  14   6  13    4 153.890411
Level  14   6  14    2 154.056580
Level  14   6  15    6 154.134689
Level  14   6  16    4 154.238861
Level  14   6  17    6 160.147461
Level  14   6  18    4 160.182190
Level  14   6  19    4 164.907837
Level  14   6  20    6 170.105911
Level  14   6  21    2 173.908997
Level  14   6  22    4 173.978439
Level  14   6  23    6 174.204117
Level  14   6  24    6 179.098404
Level  14   6  25    4 179.181488
Level  14   6  26    6 185.706375

Ion      Si       14        7        3    246.5
# There are 34 unique levels for 14 7
Level  14   7   0    5   0.000000
Level  14   7   1    3   0.499721
Level  14   7   2    1   0.690061
Level  14   7   3    5  45.033142
Level  14   7   4    3  45.481529
Level  14   7   5    1  45.726429
Level  14   7   6    3 145.386490
Level  14   7   7    3 151.918808
Level  14   7   8    1 156.429947
Level  14   7   9    3 156.439865
Level  14   7  10    5 156.493179
Level  14   7  11    3 169.552872
Level  14   7  12    7 169.577682
Level  14   7  13    7 177.074722
Level  14   7  14    5 177.083405
Level  14   7  15    5 177.997284
Level  14   7  16    3 178.157257
Level  14   7  17    3 178.712769
Level  14   7  18    1 181.076218
Level  14   7  19    3 181.146896
Level  14   7  20    5 181.270889
Level  14   7  21    5 181.845016
Level  14   7  22    7 181.956619
Level  14   7  23    7 202.264130
Level  14   7  24    7 203.824051
Level  14   7  25    5 207.067886
Level  14   7  26    5 211.679459
Level  14   7  27    5 212.165543
Level  14   7  28    3 212.372620
Level  14   7  29    5 215.900421
Level  14   7  30    7 216.310867
Level  14   7  31    7 219.361267
Level  14   7  32    7 227.431198
Level  14   7  33    5 227.681686

Ion       S       16        2        4   23.411
# There are 31 unique levels for 16 2
Level  16   2   0    4   0.000000
Level  16   2   1    6   9.845042
Level  16   2   2    4   9.889860
Level  16   2   3    2   9.915378
Level  16   2   4    2  13.585545
Level  16   2   5    4  13.619137
Level  16   2   6    6  13.673326
Level  16   2   7    6  16.194696
Level  16   2   8    4  16.221560
Level  16   2   9    2  16.237692
Level  16   2  10    2  18.632082
Level  16   2  11    4  18.665909
Level  16   2  12    6  18.723581
Level  16   2  13    6  19.321547
Level  16   2  14    4  19.347691
Level  16   2  15    2  19.362440
Level  16   2  16    2  20.549213
Level  16   2  17    4  20.582956
Level  16   2  18    6  20.643526
Level  16   2  19    6  20.858950
Level  16   2  20    4  20.881369
Level  16   2  21    2  20.892843
Level  16   2  22    2  21.491318
Level  16   2  23    4  21.525906
Level  16   2  24    6  21.588194
Level  16   2  25    6  21.686731
Level  16   2  26    4  21.702484
Level  16   2  27    2  21.710386
Level  16   2  28    6  22.177301
Level  16   2  29    4  22.185516
Level  16   2  30    2  22.192226

Ion       S       16        3        3    35.06
# There are 28 unique levels for 16 3
Level  16   3   0    1   0.000000
Level  16   3   1    3   0.037038
Level  16   3   2    5   0.103302
Level  16   3   3    3  10.418407
Level  16   3   4    5  10.421805
Level  16   3   5    7  10.428340
Level  16   3   6    5  12.244434
Level  16   3   7    3  12.246988
Level  16   3   8    1  12.247770
Level  16   3   9    3  17.120281
Level  16   3  10    1  17.744062
Level  16   3  11    3  17.746584
Level  16   3  12    5  17.747561
Level  16   3  13    1  18.190500
Level  16   3  14    3  18.195482
Level  16   3  15    5  18.246267
Level  16   3  16    3  18.296423
Level  16   3  17    5  18.313858
Level  16   3  18    7  18.320494
Level  16   3  19    3  25.611044
Level  16   3  20    5  25.627502
Level  16   3  21    7  25.657206
Level  16   3  22    5  25.778767
Level  16   3  23    3  25.805042
Level  16   3  24    1  25.818319
Level  16   3  25    1  26.012125
Level  16   3  26    3  26.031038
Level  16   3  27    5  26.126741

Ion       S       16        4        2   47.304
# There are 29 unique levels for 16 4
Level  16   4   0    2   0.000000
Level  16   4   1    4   0.117977
Level  16   4   2    4  11.668801
Level  16   4   3    6  11.674665
Level  16   4   4    2  15.315174
Level  16   4   5    2  16.568853
Level  16   4   6    4  16.646454
Level  16   4   7    4  18.864544
Level  16   4   8    6  18.866230
Level  16   4   9    2  22.499596
Level  16   4  10    4  31.669123
Level  16   4  11    6  31.669682
Level  16   4  12    2  33.606640
Level  16   4  13    2  36.278629
Level  16   4  14    4  36.318893
Level  16   4  15    4  37.337669
Level  16   4  16    6  37.395527
Level  16   4  17    4  37.613941
Level  16   4  18    6  37.631584
Level  16   4  19    2  38.286407
Level  16   4  20    2  38.626129
Level  16   4  21    2  41.287781
Level  16   4  22    4  42.021561
Level  16   4  23    6  42.032639
Level  16   4  24    2  42.136955
Level  16   4  25    4  42.160133
Level  16   4  26    2  42.634506
Level  16   4  27    2  45.290207
Level  16   4  28    4  45.332653

Ion       S       16        5        1    72.49
# There are 8 unique levels for 16 5
Level  16   5   0    1   0.000000
Level  16   5   1    3  15.766709
Level  16   5   2    3  43.342327
Level  16   5   3    3  52.641296
Level  16   5   4    3  55.542889
Level  16   5   5    3  61.095631
Level  16   5   6    3  64.397255
Level  16   5   7    3  66.301781

Ion       S       16        6        2   88.051
# There are 15 unique levels for 16 6
Level  16   6   0    2   0.000000
Level  16   6   1    2  13.128345
Level  16   6   2    4  13.285094
Level  16   6   3    2  49.745049
Level  16   6   4    4  49.801830
Level  16   6   5    2  64.731697
Level  16   6   6    4  64.759026
Level  16   6   7    2  72.360466
Level  16   6   8    4  72.375694
Level  16   6   9    2  76.773827
Level  16   6  10    4  76.783188
Level  16   6  11    2  79.556030
Level  16   6  12    4  79.562355
Level  16   6  13    2  81.423599
Level  16   6  14    4  81.427811

Ion       S       16        7        1   281.06
# There are 8 unique levels for 16 7
Level  16   7   0    1   0.000000
Level  16   7   1    3 172.154282
Level  16   7   2    3 206.112350
Level  16   7   3    3 226.890564
Level  16   7   4    3 239.350098
Level  16   7   5    3 254.898483
Level  16   7   6    3 263.280884
Level  16   7   7    3 268.328949

Ion      Ar       18        1        1   15.759
# There are 7 unique levels for 18 1
Level  18   1   0    1   0.000000
Level  18   1   1    3  11.625091
Level  18   1   2    3  11.829596
Level  18   1   3    3  14.091784
Level  18   1   4    3  14.154339
Level  18   1   5    3  14.256922
Level  18   1   6    3  14.305511

Ion      Ar       18        2        6   27.629
# There are 47 unique levels for 18 2
Level  18   2   0    4   0.000000
Level  18   2   1    2   0.177516
Level  18   2   2    2  13.481489
Level  18   2   3    4  17.142235
Level  18   2   4    2  17.268059
Level  18   2   5    2  17.944063
Level  18   2   6    4  18.062967
Level  18   2   7    4  18.428923
Level  18   2   8    6  18.456491
Level  18   2   9    4  18.658924
Level  18   2  10    6  18.734854
Level  18   2  11    2  20.746220
Level  18   2  12    6  21.369644
Level  18   2  13    4  21.430908
Level  18   2  14    4  21.626856
Level  18   2  15    2  21.677834
Level  18   2  16    6  22.269466
Level  18   2  17    4  22.311581
Level  18   2  18    4  22.703302
Level  18   2  19    2  22.805447
Level  18   2  20    2  22.827581
Level  18   2  21    2  23.551926
Level  18   2  22    4  23.633471
Level  18   2  23    6  23.877092
Level  18   2  24    4  23.896330
Level  18   2  25    6  24.287262
Level  18   2  26    4  24.287523
Level  18   2  27    2  24.731417
Level  18   2  28    4  24.741165
Level  18   2  29    6  24.760336
Level  18   2  30    4  24.797806
Level  18   2  31    4  24.804037
Level  18   2  32    2  24.877382
Level  18   2  33    4  25.347780
Level  18   2  34    2  25.359901
Level  18   2  35    6  25.368654
Level  18   2  36    4  25.447506
Level  18   2  37    2  25.450174
Level  18   2  38    4  25.823011
Level  18   2  39    2  25.887001
Level  18   2  40    4  25.967312
Level  18   2  41    4  25.990126
Level  18   2  42    6  26.055626
Level  18   2  43    4  26.403650
Level  18   2  44    6  26.403809
Level  18   2  45    6  26.618805
Level  18   2  46    2  26.668192

Ion      Ar       18        3        9    40.74
# There are 52 unique levels for 18 3
Level  18   3   0    5   0.000000
Level  18   3   1    3   0.137901
Level  18   3   2    1   0.194705
Level  18   3   3    5  14.111245
Level  18   3   4    3  14.234898
Level  18   3   5    1  14.300791
Level  18   3   6    7  19.457561
Level  18   3   7    5  19.458330
Level  18   3   8    3  19.471636
Level  18   3   9    3  22.404572
Level  18   3  10    3  23.209517
Level  18   3  11    5  23.290356
Level  18   3  12    1  23.329987
Level  18   3  13    3  23.376461
Level  18   3  14    7  23.400831
Level  18   3  15    5  23.483215
Level  18   3  16    3  24.377426
Level  18   3  17    5  24.380474
Level  18   3  18    7  24.388615
Level  18   3  19    3  25.386307
Level  18   3  20    5  25.697113
Level  18   3  21    3  25.733992
Level  18   3  22    1  25.751820
Level  18   3  23    7  26.066664
Level  18   3  24    5  26.164658
Level  18   3  25    3  26.234324
Level  18   3  26    5  26.530241
Level  18   3  27    3  26.579411
Level  18   3  28    1  26.606619
Level  18   3  29    5  31.279501
Level  18   3  30    3  31.281887
Level  18   3  31    7  31.284418
Level  18   3  32    3  31.319452
Level  18   3  33    3  33.353680
Level  18   3  34    7  33.356464
Level  18   3  35    5  33.357925
Level  18   3  36    5  33.667336
Level  18   3  37    3  33.687614
Level  18   3  38    1  33.690380
Level  18   3  39    3  33.736679
Level  18   3  40    3  33.743896
Level  18   3  41    5  33.751377
Level  18   3  42    7  33.759525
Level  18   3  43    1  34.961586
Level  18   3  44    3  34.968479
Level  18   3  45    5  34.980732
Level  18   3  46    7  35.206455
Level  18   3  47    5  35.228336
Level  18   3  48    3  35.230743
Level  18   3  49    1  35.443115
Level  18   3  50    3  35.449417
Level  18   3  51    5  35.465195

Ion      Ar       18        4        4    59.81
# There are 10 unique levels for 18 4
Level  18   4   0    4   0.000000
Level  18   4   1    6  14.578031
Level  18   4   2    4  14.696054
Level  18   4   3    2  14.761440
Level  18   4   4    6  27.377514
Level  18   4   5    4  27.441288
Level  18   4   6    2  27.481762
Level  18   4   7    2  31.026653
Level  18   4   8    4  31.111818
Level  18   4   9    6  31.243889

Ion      Ar       18        5        9    75.04
# There are 18 unique levels for 18 5
Level  18   5   0    1   0.000000
Level  18   5   1    3   0.094637
Level  18   5   2    5   0.251621
Level  18   5   3    3  15.082389
Level  18   5   4    5  15.088093
Level  18   5   5    7  15.104461
Level  18   5   6    5  17.578760
Level  18   5   7    3  17.579876
Level  18   5   8    3  23.750622
Level  18   5   9    5  26.979710
Level  18   5  10    3  27.067501
Level  18   5  11    1  27.111647
Level  18   5  12    3  27.802822
Level  18   5  13    5  27.838659
Level  18   5  14    7  27.864946
Level  18   5  15    1  36.672058
Level  18   5  16    3  36.734928
Level  18   5  17    5  36.938786

Ion      Ar       18        6        6    91.01
# There are 14 unique levels for 18 6
Level  18   6   0    2   0.000000
Level  18   6   1    4   0.273681
Level  18   6   2    4  16.425238
Level  18   6   3    6  16.439211
Level  18   6   4    2  21.055689
Level  18   6   5    2  22.590487
Level  18   6   6    4  22.763468
Level  18   6   7    4  27.105570
Level  18   6   8    6  27.112986
Level  18   6   9    2  42.445610
Level  18   6  10    4  56.388535
Level  18   6  11    6  56.395130
Level  18   6  12    4  68.861015
Level  18   6  13    6  68.888916

Ion      Ar       18        7        1    124.4
# There are 3 unique levels for 18 7
Level  18   7   0    1   0.000000
Level  18   7   1    3  21.169310
Level  18   7   2    3  70.228989

Ion      Ar       18        8        2   143.45
# There are 7 unique levels for 18 8
Level  18   8   0    2   0.000000
Level  18   8   1    2  17.371557
Level  18   8   2    4  17.708218
Level  18   8   3    2  77.901871
Level  18   8   4    4  78.025497
Level  18   8   5    2 103.198524
Level  18   8   6    4 103.253830

Ion      Ar       18        9        1    422.6
# There are 8 unique levels for 18 9
Level  18   9   0    1   0.000000
Level  18   9   1    3 254.417358
Level  18   9   2    3 298.968140
Level  18   9   3    3 335.290283
Level  18   9   4    3 346.040466
Level  18   9   5    3 354.044067
Level  18   9   6    3 379.588104
Level  18   9   7    3 393.500916

Ion      Ar       18       10        6    1e+20
# There are 0 unique levels for 18 10

Ion      Ca       20        1        1    6.113
# There are 10 unique levels for 20 1
Level  20   1   0    1   0.000000
Level  20   1   1    3   2.932890
Level  20   1   2    3   4.554727
Level  20   1   3    3   5.168204
Level  20   1   4    3   5.447759
Level  20   1   5    3   5.632752
Level  20   1   6    3   5.763505
Level  20   1   7    3   5.850870
Level  20   1   8    3   5.910109
Level  20   1   9    3   5.951697

Ion      Ca       20        2        2   11.871
# There are 7 unique levels for 20 2
Level  20   2   0    2   0.000000
Level  20   2   1    2   3.123752
Level  20   2   2    4   3.151390
Level  20   2   3    2   7.506105
Level  20   2   4    4   7.515810
Level  20   2   5    2   9.236143
Level  20   2   6    4   9.240710

Ion      Ca       20        3        1    50.91
# There are 4 unique levels for 20 3
Level  20   3   0    1   0.000000
Level  20   3   1    3  30.714396
Level  20   3   2    3  34.639896
Level  20   3   3    3  41.756950

Ion      Ca       20        4        6    67.15
# There are 35 unique levels for 20 4
Level  20   4   0    4   0.000000
Level  20   4   1    2   0.386645
Level  20   4   2    2  18.902473
Level  20   4   3    2  27.279207
Level  20   4   4    4  27.521255
Level  20   4   5    4  28.326202
Level  20   4   6    6  28.534859
Level  20   4   7    4  33.476585
Level  20   4   8    6  33.545742
Level  20   4   9    2  36.333130
Level  20   4  10    4  36.440216
Level  20   4  11    2  36.596443
Level  20   4  12    6  37.351196
Level  20   4  13    4  37.413124
Level  20   4  14    2  37.646515
Level  20   4  15    4  37.677540
Level  20   4  16    6  38.752235
Level  20   4  17    4  38.768715
Level  20   4  18    2  41.814346
Level  20   4  19    4  49.645069
Level  20   4  20    2  49.716496
Level  20   4  21    6  49.871555
Level  20   4  22    4  49.953915
Level  20   4  23    4  51.156731
Level  20   4  24    2  51.156830
Level  20   4  25    2  51.394054
Level  20   4  26    6  51.655174
Level  20   4  27    4  51.688370
Level  20   4  28    4  51.767334
Level  20   4  29    2  51.853016
Level  20   4  30    6  53.452175
Level  20   4  31    4  53.453560
Level  20   4  32    6  54.551655
Level  20   4  33    4  54.563648
Level  20   4  34    2  56.656422

Ion      Ca       20        5        9    84.43
# There are 26 unique levels for 20 5
Level  20   5   0    5   0.000000
Level  20   5   1    3   0.298183
Level  20   5   2    1   0.406175
Level  20   5   3    5  19.179205
Level  20   5   4    3  19.438292
Level  20   5   5    1  19.579689
Level  20   5   6    3  36.429390
Level  20   5   7    5  36.978588
Level  20   5   8    3  37.142269
Level  20   5   9    1  37.273708
Level  20   5  10    7  38.215366
Level  20   5  11    5  38.419098
Level  20   5  12    3  38.556988
Level  20   5  13    3  43.513397
Level  20   5  14    3  45.829224
Level  20   5  15    5  45.842369
Level  20   5  16    7  45.874981
Level  20   5  17    1  47.992905
Level  20   5  18    3  48.016090
Level  20   5  19    5  48.068916
Level  20   5  20    3  62.139835
Level  20   5  21    3  65.056816
Level  20   5  22    5  65.071571
Level  20   5  23    7  65.106667
Level  20   5  24    3  67.238968
Level  20   5  25    5  67.288696

Ion      Ca       20        6        4   108.78
# There are 7 unique levels for 20 6
Level  20   6   0    4   0.000000
Level  20   6   1    6  19.317553
Level  20   6   2    4  19.563198
Level  20   6   3    2  19.695009
Level  20   6   4    2  53.797352
Level  20   6   5    4  53.975540
Level  20   6   6    6  54.236683

Ion      Ca       20        7        9    127.7
# There are 19 unique levels for 20 7
Level  20   7   0    1   0.000000
Level  20   7   1    3   0.201488
Level  20   7   2    5   0.504854
Level  20   7   3    3  19.859558
Level  20   7   4    5  19.867344
Level  20   7   5    7  19.905649
Level  20   7   6    1  22.984249
Level  20   7   7    3  22.988752
Level  20   7   8    5  22.991146
Level  20   7   9    3  30.409864
Level  20   7  10    5  35.491825
Level  20   7  11    3  35.731892
Level  20   7  12    1  35.836548
Level  20   7  13    3  36.597164
Level  20   7  14    5  36.675781
Level  20   7  15    7  36.720421
Level  20   7  16    1  60.767403
Level  20   7  17    3  60.874043
Level  20   7  18    5  61.288574

Ion      Ca       20        8        6    147.4
# There are 16 unique levels for 20 8
Level  20   8   0    2   0.000000
Level  20   8   1    4   0.534230
Level  20   8   2    4  21.274982
Level  20   8   3    6  21.307037
Level  20   8   4    2  26.856565
Level  20   8   5    2  28.646061
Level  20   8   6    4  28.965548
Level  20   8   7    4  35.012192
Level  20   8   8    6  35.039597
Level  20   8   9    2  67.868027
Level  20   8  10    4  86.580887
Level  20   8  11    6  86.604202
Level  20   8  12    4 109.826088
Level  20   8  13    6 109.833153
Level  20   8  14    4 121.489044
Level  20   8  15    6 121.531204

Ion      Ca       20        9        1    188.7
# There are 7 unique levels for 20 9
Level  20   9   0    1   0.000000
Level  20   9   1    3  26.595806
Level  20   9   2    3  76.696587
Level  20   9   3    3 103.207077
Level  20   9   4    3 136.098877
Level  20   9   5    3 153.243134
Level  20   9   6    3 163.097427

Ion      Fe       26        2       30    16.16
# There are 91 unique levels for 26 2
Level  26   2   0   10   0.000000
Level  26   2   1    8   0.047714
Level  26   2   2    6   0.082793
Level  26   2   3    4   0.106964
Level  26   2   4    2   0.121155
Level  26   2   5   10   4.768920
Level  26   2   6    8   4.793852
Level  26   2   7    6   4.818517
Level  26   2   8    4   4.837645
Level  26   2   9    2   4.849561
Level  26   2  10   12   5.204045
Level  26   2  11   10   5.222245
Level  26   2  12    8   5.237399
Level  26   2  13    6   5.249525
Level  26   2  14    4   5.257769
Level  26   2  15    2   5.262545
Level  26   2  16    8   5.289627
Level  26   2  17    6   5.361592
Level  26   2  18    4   5.409006
Level  26   2  19    4   7.684903
Level  26   2  20    6   7.694090
Level  26   2  21    8   7.709291
Level  26   2  22    4   9.826539
Level  26   2  23    6   9.831367
Level  26   2  24    8   9.837120
Level  26   2  25   12  10.830286
Level  26   2  26   10  10.846514
Level  26   2  27    8  10.854685
Level  26   2  28    6  10.858996
Level  26   2  29    4  10.862694
Level  26   2  30    2  10.866870
Level  26   2  31    2  10.899382
Level  26   2  32    4  10.907632
Level  26   2  33    6  10.919379
Level  26   2  34    8  10.937987
Level  26   2  35   10  10.988215
Level  26   2  36   10  11.001717
Level  26   2  37    8  11.017854
Level  26   2  38    6  11.050829
Level  26   2  39    8  11.051957
Level  26   2  40    4  11.077084
Level  26   2  41    6  11.091128
Level  26   2  42    2  11.094465
Level  26   2  43    4  11.113632
Level  26   2  44   12  11.150613
Level  26   2  45   10  11.168366
Level  26   2  46    8  11.197293
Level  26   2  47    6  11.220505
Level  26   2  48    4  11.233610
Level  26   2  49    2  11.240395
Level  26   2  50    8  11.304840
Level  26   2  51    6  11.355333
Level  26   2  52    4  11.388606
Level  26   2  53    2  11.389506
Level  26   2  54    4  11.397594
Level  26   2  55    6  11.410338
Level  26   2  56    8  11.427133
Level  26   2  57   10  11.445250
Level  26   2  58   12  11.461601
Level  26   2  59    6  11.635057
Level  26   2  60    4  11.636219
Level  26   2  61    8  11.654461
Level  26   2  62    2  11.659907
Level  26   2  63   10  11.663180
Level  26   2  64    4  11.681957
Level  26   2  65    6  11.740968
Level  26   2  66    8  11.750655
Level  26   2  67   10  13.188808
Level  26   2  68    4  13.193407
Level  26   2  69    2  13.203068
Level  26   2  70    8  13.203288
Level  26   2  71    6  13.217462
Level  26   2  72    8  13.219478
Level  26   2  73   10  13.221469
Level  26   2  74   12  13.224547
Level  26   2  75    6  13.244973
Level  26   2  76   12  13.254713
Level  26   2  77    4  13.273498
Level  26   2  78    8  13.292457
Level  26   2  79   10  13.295029
Level  26   2  80    2  13.303203
Level  26   2  81    8  13.325027
Level  26   2  82    6  13.333138
Level  26   2  83    6  13.338978
Level  26   2  84    4  13.343051
Level  26   2  85    2  13.357693
Level  26   2  86    4  13.370556
Level  26   2  87   10  13.387879
Level  26   2  88    6  13.408203
Level  26   2  89    4  13.415811
Level  26   2  90    8  13.421699

Ion      Fe       26        3       25   30.651
# There are 84 unique levels for 26 3
Level  26   3   0    9   0.000000
Level  26   3   1    7   0.054039
Level  26   3   2    5   0.091580
Level  26   3   3    3   0.115576
Level  26   3   4    1   0.127348
Level  26   3   5    7  11.046550
Level  26   3   6    5  11.077510
Level  26   3   7    3  11.096962
Level  26   3   8   11  14.423276
Level  26   3   9    1  14.429255
Level  26   3  10    3  14.431132
Level  26   3  11    5  14.436033
Level  26   3  12    9  14.441982
Level  26   3  13    7  14.442956
Level  26   3  14    5  14.495395
Level  26   3  15    3  14.500279
Level  26   3  16    7  14.516526
Level  26   3  17    9  14.572709
Level  26   3  18    7  14.662585
Level  26   3  19    5  14.721478
Level  26   3  20    3  14.739623
Level  26   3  21    3  14.966483
Level  26   3  22    5  14.982449
Level  26   3  23    7  15.005100
Level  26   3  24    9  15.033990
Level  26   3  25   11  15.062159
Level  26   3  26    5  15.205924
Level  26   3  27    7  15.230873
Level  26   3  28    3  15.232558
Level  26   3  29    9  15.245071
Level  26   3  30    1  15.308521
Level  26   3  31    3  15.320566
Level  26   3  32    5  15.338444
Level  26   3  33    7  15.345074
Level  26   3  34    9  16.862871
Level  26   3  35    7  16.865097
Level  26   3  36    5  16.878607
Level  26   3  37   11  16.886944
Level  26   3  38    3  16.921631
Level  26   3  39    9  17.014009
Level  26   3  40    7  17.040432
Level  26   3  41    5  17.055527
Level  26   3  42    3  17.057568
Level  26   3  43    1  17.059069
Level  26   3  44    7  20.872908
Level  26   3  45    5  20.884232
Level  26   3  46    3  20.891222
Level  26   3  47    3  22.912416
Level  26   3  48    5  22.912455
Level  26   3  49    7  22.912565
Level  26   3  50    9  22.912689
Level  26   3  51   11  22.912851
Level  26   3  52   11  24.693365
Level  26   3  53    9  24.702412
Level  26   3  54    7  24.708576
Level  26   3  55    5  24.713255
Level  26   3  56    3  24.716702
Level  26   3  57    5  24.944397
Level  26   3  58    7  24.944662
Level  26   3  59    1  24.945127
Level  26   3  60    3  24.946110
Level  26   3  61    9  24.949739
Level  26   3  62    7  25.072899
Level  26   3  63    5  25.083084
Level  26   3  64    3  25.089500
Level  26   3  65    3  25.408520
Level  26   3  66    5  25.413000
Level  26   3  67    7  25.420341
Level  26   3  68    9  25.431509
Level  26   3  69   11  25.444235
Level  26   3  70    9  25.503366
Level  26   3  71    3  25.506104
Level  26   3  72    7  25.510851
Level  26   3  73    5  25.511488
Level  26   3  74    3  25.699347
Level  26   3  75    5  25.700003
Level  26   3  76    7  25.700647
Level  26   3  77    9  25.701294
Level  26   3  78   11  25.701918
Level  26   3  79   11  27.207573
Level  26   3  80    9  27.214561
Level  26   3  81    7  27.226233
Level  26   3  82    5  27.237326
Level  26   3  83    3  27.248177

Ion      Fe       26        4       25     54.8
# There are 4 unique levels for 26 4
Level  26   4   0    6   0.000000
Level  26   4   1    4  23.545786
Level  26   4   2    6  23.561060
Level  26   4   3    8  23.588165

Ion      Fe       26        5       25     75.5
# There are 22 unique levels for 26 5
Level  26   5   0    1   0.000000
Level  26   5   1    3   0.017620
Level  26   5   2    5   0.051745
Level  26   5   3    7   0.099585
Level  26   5   4    9   0.159067
Level  26   5   5    5  32.007980
Level  26   5   6    1  32.068863
Level  26   5   7    7  32.076366
Level  26   5   8    3  32.102592
Level  26   5   9    9  32.158798
Level  26   5  10    5  32.162682
Level  26   5  11    7  32.234428
Level  26   5  12    9  32.304649
Level  26   5  13   11  32.370483
Level  26   5  14    3  33.931789
Level  26   5  15    5  33.992924
Level  26   5  16    1  34.069458
Level  26   5  17    7  34.091408
Level  26   5  18    3  34.118225
Level  26   5  19    5  34.318188
Level  26   5  20    7  34.356541
Level  26   5  21    9  34.481449

Ion      Fe       26        6       25      100
# There are 24 unique levels for 26 6
Level  26   6   0    4   0.000000
Level  26   6   1    6   0.063401
Level  26   6   2    8   0.147349
Level  26   6   3   10   0.248075
Level  26   6   4    6  41.943851
Level  26   6   5    8  42.095207
Level  26   6   6    4  42.102997
Level  26   6   7    6  42.202717
Level  26   6   8   10  42.276001
Level  26   6   9    8  42.329357
Level  26   6  10   10  42.461926
Level  26   6  11   12  42.498653
Level  26   6  12    4  42.558212
Level  26   6  13    2  42.608856
Level  26   6  14    6  42.689949
Level  26   6  15    8  42.832462
Level  26   6  16    2  44.565155
Level  26   6  17    4  44.612946
Level  26   6  18    6  44.727741
Level  26   6  19    8  44.921543
Level  26   6  20    2  74.798141
Level  26   6  21    4  74.924622
Level  26   6  22    6  75.072182
Level  26   6  23    8  75.172623

Ion      Fe       26        7       25    128.3
# There are 85 unique levels for 26 7
Level  26   7   0    5   0.000000
Level  26   7   1    7   0.130386
Level  26   7   2    9   0.289106
Level  26   7   3    3  52.716019
Level  26   7   4    5  53.045376
Level  26   7   5    5  53.346539
Level  26   7   6    7  53.437702
Level  26   7   7    7  53.519653
Level  26   7   8    9  53.800102
Level  26   7   9   11  58.597397
Level  26   7  10    9  58.640053
Level  26   7  11    7  59.698025
Level  26   7  12    7  63.250751
Level  26   7  13    9  63.259682
Level  26   7  14   11  63.752583
Level  26   7  15    5  67.986069
Level  26   7  16    7  68.394531
Level  26   7  17    5  69.988800
Level  26   7  18    7  70.215843
Level  26   7  19    9  70.446732
Level  26   7  20    7  74.824059
Level  26   7  21    5  74.865974
Level  26   7  22    3  74.929588
Level  26   7  23    5  81.841972
Level  26   7  24    7  81.884506
Level  26   7  25    9  81.985069
Level  26   7  26    7  82.224144
Level  26   7  27    9  82.329918
Level  26   7  28   11  82.395882
Level  26   7  29    3  82.563286
Level  26   7  30    5  82.574570
Level  26   7  31    7  82.664841
Level  26   7  32    3  92.449074
Level  26   7  33    5  92.623787
Level  26   7  34    7  92.896713
Level  26   7  35   11  95.107018
Level  26   7  36    9  95.332947
Level  26   7  37    7  95.479019
Level  26   7  38    7  96.524216
Level  26   7  39    9  96.667435
Level  26   7  40    9  97.053696
Level  26   7  41    7  97.106895
Level  26   7  42    5  97.307030
Level  26   7  43    7  97.341621
Level  26   7  44    9  97.440453
Level  26   7  45    7  97.554901
Level  26   7  46    9  97.679527
Level  26   7  47    3  97.705315
Level  26   7  48    5  97.715858
Level  26   7  49   11  97.730240
Level  26   7  50    7  97.749710
Level  26   7  51    7  98.474617
Level  26   7  52    9  98.916428
Level  26   7  53   11  99.278633
Level  26   7  54    7 100.698807
Level  26   7  55    5 100.920891
Level  26   7  56    3 101.332321
Level  26   7  57    3 102.013580
Level  26   7  58    5 102.198959
Level  26   7  59    7 102.614235
Level  26   7  60   11 103.278381
Level  26   7  61    9 103.278877
Level  26   7  62    7 103.308014
Level  26   7  63    5 105.825844
Level  26   7  64    7 105.858574
Level  26   7  65    7 105.990387
Level  26   7  66    9 105.991257
Level  26   7  67    3 106.063049
Level  26   7  68    9 106.140305
Level  26   7  69    7 106.157661
Level  26   7  70   11 106.176392
Level  26   7  71    5 110.945190
Level  26   7  72    7 110.973213
Level  26   7  73    7 111.072411
Level  26   7  74    9 111.151527
Level  26   7  75    9 111.237701
Level  26   7  76   11 111.259651
Level  26   7  77    7 114.290215
Level  26   7  78    9 114.487129
Level  26   7  79    9 114.540947
Level  26   7  80   11 114.556076
Level  26   7  81    9 116.797997
Level  26   7  82   11 116.810890
Level  26   7  83    9 118.408264
Level  26   7  84   11 118.415947

Ion      Fe       26        8       25   151.12
# There are 34 unique levels for 26 8
Level  26   8   0    4   0.000000
Level  26   8   1    6   0.227664
Level  26   8   2    6  53.475075
Level  26   8   3    8  53.884895
Level  26   8   4    8  55.509670
Level  26   8   5    6  56.961586
Level  26   8   6    4  63.056320
Level  26   8   7    2  63.274437
Level  26   8   8    4  63.928291
Level  26   8   9    2  64.582016
Level  26   8  10    6  66.452812
Level  26   8  11    8  67.177711
Level  26   8  12    2  73.403641
Level  26   8  13    4  73.798950
Level  26   8  14    6  73.961517
Level  26   8  15    4  74.036163
Level  26   8  16    6  94.699303
Level  26   8  17    8  94.711212
Level  26   8  18    2 103.870110
Level  26   8  19    4 104.510941
Level  26   8  20    8 106.032547
Level  26   8  21    6 106.716408
Level  26   8  22    6 108.998756
Level  26   8  23    4 109.286934
Level  26   8  24    6 109.657196
Level  26   8  25    8 110.028458
Level  26   8  26    4 110.250168
Level  26   8  27    6 110.464935
Level  26   8  28    6 114.955475
Level  26   8  29    8 114.960808
Level  26   8  30    6 126.053619
Level  26   8  31    8 126.054855
Level  26   8  32    6 132.664444
Level  26   8  33    8 132.683777

Ion      Fe       26        9       25      235
# There are 4 unique levels for 26 9
Level  26   9   0    1   0.000000
Level  26   9   1    3  72.483803
Level  26   9   2    3 150.430817
Level  26   9   3    3 170.117081

Ion      Fe       26       10       25    262.1
# There are 0 unique levels for 26 10

Ion      Fe       26       11       25    290.4
# There are 0 unique levels for 26 11

Ion      Fe       26       12       25      331
# There are 0 unique levels for 26 12
