#x y
       0.4	             0 (1.00000000e+00)     0.03845
    0.4503	  0.0011278701 (9.98872130e-01)     0.03845
    0.5924	  0.0056845448 (9.94315455e-01)     0.05535
    0.7108	   0.011196067 (9.88803933e-01)     0.07622
    0.8055	   0.016817121 (9.83182879e-01)     0.09446
    0.8854	   0.022429757 (9.77570243e-01)      0.1101
    0.9565	   0.028098504 (9.71901496e-01)      0.1239
     1.019	   0.033586321 (9.66413679e-01)      0.1363
     1.078	    0.03926993 (9.60730070e-01)      0.1476
     1.131	   0.044764033 (9.55235967e-01)       0.158
     1.184	    0.05061341 (9.49386590e-01)      0.1678
     1.232	   0.056107304 (9.43892696e-01)      0.1768
     1.276	   0.061505778 (9.38494222e-01)       0.185
     1.321	   0.067140269 (9.32859731e-01)       0.193
     1.365	   0.073006462 (9.26993538e-01)      0.2006
     1.403	   0.078274268 (9.21725732e-01)      0.2076
     1.445	   0.084134137 (9.15865863e-01)      0.2143
     1.483	   0.089745187 (9.10254813e-01)      0.2207
     1.519	   0.095066397 (9.04933603e-01)      0.2267
     1.557	    0.10098099 (8.99019006e-01)      0.2325
     1.593	    0.10657564 (8.93424364e-01)       0.238
     1.625	    0.11181504 (8.88184963e-01)       0.243
     1.661	    0.11764867 (8.82351333e-01)       0.248
     1.694	    0.12310138 (8.76898619e-01)      0.2527
     1.726	    0.12865194 (8.71348065e-01)      0.2572
     1.759	    0.13429755 (8.65702446e-01)      0.2615
     1.791	    0.14003542 (8.59964582e-01)      0.2656
     1.821	     0.1453293 (8.54670701e-01)      0.2695
     1.853	    0.15123529 (8.48764705e-01)      0.2733
     1.883	    0.15667721 (8.43322793e-01)      0.2769
     1.913	    0.16218619 (8.37813813e-01)      0.2803
     1.942	    0.16776001 (8.32239993e-01)      0.2835
     1.972	    0.17339642 (8.26603575e-01)      0.2866
     2.001	    0.17909319 (8.20906812e-01)      0.2897
     2.031	    0.18484804 (8.15151961e-01)      0.2925
     2.058	     0.1900752 (8.09924802e-01)      0.2952
     2.087	    0.19593417 (8.04065825e-01)      0.2977
     2.114	    0.20125137 (7.98748634e-01)      0.3002
     2.143	    0.20720629 (7.92793711e-01)      0.3025
      2.17	    0.21260615 (7.87393846e-01)      0.3047
     2.197	    0.21804262 (7.81957381e-01)      0.3068
     2.223	    0.22351404 (7.76485955e-01)      0.3087
     2.253	    0.22963242 (7.70367579e-01)      0.3107
      2.28	    0.23517229 (7.64827708e-01)      0.3125
     2.306	    0.24074206 (7.59257939e-01)      0.3141
     2.333	    0.24634012 (7.53659880e-01)      0.3157
      2.36	    0.25196487 (7.48035132e-01)      0.3172
     2.383	    0.25698577 (7.43014234e-01)      0.3185
      2.41	     0.2626566 (7.37343398e-01)      0.3197
     2.436	    0.26834957 (7.31650431e-01)      0.3209
     2.463	    0.27406312 (7.25936884e-01)      0.3221
      2.49	     0.2797957 (7.20204297e-01)      0.3231
     2.516	    0.28554581 (7.14454195e-01)      0.3241
      2.54	    0.29067049 (7.09329508e-01)      0.3249
     2.567	    0.29644958 (7.03550425e-01)      0.3256
     2.593	    0.30224186 (6.97758141e-01)      0.3264
     2.617	    0.30740046 (6.92599543e-01)       0.327
     2.644	     0.3132137 (6.86786296e-01)      0.3275
      2.67	    0.31903598 (6.80964021e-01)       0.328
     2.694	    0.32421777 (6.75782226e-01)      0.3284
     2.721	    0.33005327 (6.69946725e-01)      0.3287
     2.744	    0.33524464 (6.64755364e-01)      0.3289
     2.771	    0.34108847 (6.58911534e-01)      0.3291
     2.798	    0.34693477 (6.53065230e-01)      0.3292
     2.821	     0.3521325 (6.47867501e-01)      0.3292
     2.848	    0.35797991 (6.42020093e-01)      0.3292
     2.872	    0.36317658 (6.36823419e-01)      0.3291
     2.898	    0.36902055 (6.30979452e-01)       0.329
     2.925	     0.3748609 (6.25139097e-01)      0.3288
     2.949	    0.38004832 (6.19951684e-01)      0.3285
     2.975	    0.38587856 (6.14121442e-01)      0.3281
     3.002	    0.39170175 (6.08298253e-01)      0.3277
     3.026	    0.39687107 (6.03128934e-01)      0.3273
     3.052	    0.40267782 (5.97322178e-01)      0.3268
     3.076	    0.40783076 (5.92169236e-01)      0.3262
     3.102	    0.41361714 (5.86382856e-01)      0.3256
     3.129	    0.41939119 (5.80608807e-01)      0.3249
     3.156	    0.42515187 (5.74848126e-01)      0.3241
     3.179	    0.43026043 (5.69739566e-01)      0.3233
     3.206	    0.43599311 (5.64006890e-01)      0.3225
     3.233	    0.44170955 (5.58290455e-01)      0.3215
     3.259	    0.44740879 (5.52591210e-01)      0.3206
     3.286	    0.45308992 (5.46910081e-01)      0.3195
      3.31	    0.45812387 (5.41876129e-01)      0.3185
     3.336	    0.46376833 (5.36231666e-01)      0.3174
     3.363	    0.46939213 (5.30607869e-01)      0.3163
      3.39	    0.47499443 (5.25005573e-01)       0.315
     3.416	    0.48057441 (5.19425593e-01)      0.3138
     3.443	    0.48613128 (5.13868723e-01)      0.3124
      3.47	    0.49166427 (5.08335733e-01)      0.3111
     3.499	    0.49778312 (5.02216881e-01)      0.3096
     3.526	    0.50326327 (4.96736731e-01)      0.3081
     3.552	    0.50871729 (4.91282714e-01)      0.3066
     3.579	    0.51414449 (4.85855510e-01)       0.305
     3.609	    0.52014247 (4.79857529e-01)      0.3034
     3.635	    0.52551094 (4.74489063e-01)      0.3017
     3.662	    0.53085062 (4.69149385e-01)      0.3001
     3.692	    0.53674911 (4.63250893e-01)      0.2983
     3.718	    0.54202609 (4.57973908e-01)      0.2965
     3.748	    0.54785354 (4.52146457e-01)      0.2947
     3.777	    0.55364254 (4.46357458e-01)      0.2927
     3.804	    0.55881919 (4.41180806e-01)      0.2908
     3.834	    0.56453326 (4.35466742e-01)      0.2889
     3.863	    0.57020695 (4.29793052e-01)      0.2868
     3.893	    0.57583966 (4.24160339e-01)      0.2847
     3.922	    0.58143082 (4.18569178e-01)      0.2826
     3.952	    0.58697988 (4.13020118e-01)      0.2805
     3.982	    0.59248632 (4.07513677e-01)      0.2783
     4.011	    0.59794965 (4.02050346e-01)      0.2761
     4.041	    0.60336941 (3.96630590e-01)      0.2739
     4.073	    0.60928029 (3.90719707e-01)      0.2715
     4.103	    0.61460715 (3.85392847e-01)      0.2691
     4.136	    0.62041489 (3.79585111e-01)      0.2667
     4.168	    0.62616789 (3.73832110e-01)      0.2642
     4.198	    0.63135003 (3.68649974e-01)      0.2618
      4.23	    0.63699735 (3.63002651e-01)      0.2593
     4.263	    0.64258876 (3.57411238e-01)      0.2567
     4.295	    0.64812393 (3.51876070e-01)      0.2541
     4.331	    0.65409779 (3.45902209e-01)      0.2514
     4.363	    0.65951441 (3.40485588e-01)      0.2487
     4.396	    0.66487395 (3.35126046e-01)       0.246
     4.432	    0.67065539 (3.29344612e-01)      0.2432
     4.467	    0.67636842 (3.23631577e-01)      0.2403
     4.503	    0.68201287 (3.17987125e-01)      0.2374
     4.538	     0.6875886 (3.12411403e-01)      0.2345
     4.574	    0.69309548 (3.06904515e-01)      0.2316
     4.609	    0.69853347 (3.01466531e-01)      0.2286
     4.648	    0.70434683 (2.95653172e-01)      0.2256
     4.683	     0.7096412 (2.90358798e-01)      0.2226
     4.722	    0.71529904 (2.84700963e-01)      0.2195
      4.76	    0.72087612 (2.79123882e-01)      0.2164
     4.799	    0.72637258 (2.73627417e-01)      0.2132
      4.84	    0.73220191 (2.67798094e-01)      0.2099
     4.878	    0.73753156 (2.62468439e-01)      0.2067
      4.92	    0.74318181 (2.56818195e-01)      0.2034
     4.961	    0.74873972 (2.51260278e-01)      0.2001
     5.003	    0.75420573 (2.45794267e-01)      0.1967
     5.047	    0.75996072 (2.40039280e-01)      0.1933
     5.092	    0.76561137 (2.34388627e-01)      0.1897
     5.136	    0.77115838 (2.28841624e-01)      0.1862
      5.18	    0.77660246 (2.23397535e-01)      0.1827
     5.228	    0.78229694 (2.17703059e-01)      0.1791
     5.275	    0.78787622 (2.12123779e-01)      0.1755
     5.322	    0.79334137 (2.06658633e-01)      0.1719
     5.373	    0.79902427 (2.00975727e-01)      0.1681
     5.423	    0.80458098 (1.95419018e-01)      0.1644
     5.476	    0.81032862 (1.89671383e-01)      0.1605
      5.53	    0.81593818 (1.84061822e-01)      0.1566
     5.583	    0.82141151 (1.78588492e-01)      0.1528
     5.639	    0.82704321 (1.72956790e-01)      0.1489
     5.695	    0.83252752 (1.67472480e-01)       0.145
     5.755	    0.83814382 (1.61856183e-01)       0.141
     5.814	    0.84360217 (1.56397827e-01)       0.137
     5.876	    0.84916656 (1.50833438e-01)      0.1329
     5.941	    0.85481613 (1.45183867e-01)      0.1287
     6.009	    0.86052994 (1.39470056e-01)      0.1245
     6.077	    0.86605133 (1.33948674e-01)      0.1202
     6.148	    0.87161248 (1.28387516e-01)       0.116
     6.222	    0.87719333 (1.22806674e-01)      0.1117
     6.299	    0.88277408 (1.17225923e-01)      0.1073
     6.379	    0.88833541 (1.11664589e-01)      0.1029
     6.462	    0.89385857 (1.06141426e-01)     0.09846
     6.551	    0.89950952 (1.00490477e-01)     0.09393
     6.643	    0.90506927 (9.49307319e-02)     0.08935
      6.74	    0.91068748 (8.93125238e-02)     0.08471
     6.844	     0.9163219 (8.36781030e-02)        0.08
     6.953	    0.92193166 (7.80683351e-02)     0.07524
     7.069	    0.92747782 (7.25221819e-02)     0.07046
     7.193	    0.93305187 (6.69481277e-02)     0.06563
     7.326	    0.93859178 (6.14082151e-02)     0.06075
     7.471	    0.94414801 (5.58519852e-02)     0.05579
     7.631	    0.94973705 (5.02629491e-02)     0.05075
     7.809	    0.95534257 (4.46574319e-02)     0.04562
     8.007	    0.96091793 (3.90820739e-02)     0.04042
     8.235	    0.96652634 (3.34736630e-02)     0.03513
     8.499	    0.97207228 (2.79277186e-02)     0.02976
     8.821	     0.9776936 (2.23064010e-02)     0.02428
     9.227	    0.98325435 (1.67456475e-02)     0.01867
     9.789	    0.98883009 (1.11699100e-02)     0.01333
      10.3	    0.99232614 (7.67386258e-03)     0.00927
     10.73	    0.99442301 (5.57698606e-03)    0.006594
      11.3	    0.99637475 (3.62525282e-03)    0.004492
        12	    0.99787693 (2.12307035e-03)    0.002725
        13	     0.9990274 (9.72603474e-04)    0.001417
        14	    0.99956101 (4.38991960e-04)    0.000655
        15	    0.99980442 (1.95584620e-04)    0.000298
        16	    0.99991385 (8.61462893e-05)   0.0001337
        17	    0.99996244 (3.75592918e-05)   5.924e-05
        18	    0.99998373 (1.62677407e-05)   2.599e-05
        19	    0.99999303 (6.97110658e-06)   1.129e-05
        20	    0.99999703 (2.96512312e-06)    4.86e-06
        21	    0.99999875 (1.25260981e-06)   2.075e-06
        22	    0.99999947 (5.25783259e-07)   8.796e-07
        23	    0.99999978 (2.19315329e-07)   3.706e-07
        24	    0.99999991 (9.11004058e-08)   1.554e-07
        25	    0.99999996 (3.74152197e-08)   6.479e-08
        26	    0.99999998 (1.51485118e-08)   2.685e-08
        27	    0.99999999 (5.95589666e-09)   1.108e-08
        28	             1 (2.17709883e-09)    4.55e-09
        29	             1 (6.29946872e-10)   1.862e-09
        30	             1 (0.00000000e+00)   1.862e-09
